<?xml version="1.0" encoding="UTF-8"?>
<testsuites name="jest tests" tests="24" failures="0" errors="0" time="3.941">
  <testsuite name="task1" errors="0" failures="0" skipped="0" timestamp="2021-12-09T20:24:33" time="2.873" tests="4">
    <testcase classname="task1 gives the right answer for test data a" name="task1 gives the right answer for test data a" time="0.003">
    </testcase>
    <testcase classname="task1 gives the right answer for the input" name="task1 gives the right answer for the input" time="0.003">
    </testcase>
    <testcase classname="task2 gives the right answer for test data a" name="task2 gives the right answer for test data a" time="0.001">
    </testcase>
    <testcase classname="task2 gives the right answer for the input" name="task2 gives the right answer for the input" time="0.005">
    </testcase>
  </testsuite>
  <testsuite name="task1" errors="0" failures="0" skipped="0" timestamp="2021-12-09T20:24:33" time="2.885" tests="4">
    <testcase classname="task1 gives the right answer for test data a" name="task1 gives the right answer for test data a" time="0.004">
    </testcase>
    <testcase classname="task1 gives the right answer for the input" name="task1 gives the right answer for the input" time="0.003">
    </testcase>
    <testcase classname="task2 gives the right answer for test data a" name="task2 gives the right answer for test data a" time="0.002">
    </testcase>
    <testcase classname="task2 gives the right answer for the input" name="task2 gives the right answer for the input" time="0.004">
    </testcase>
  </testsuite>
  <testsuite name="task1" errors="0" failures="0" skipped="0" timestamp="2021-12-09T20:24:33" time="2.901" tests="4">
    <testcase classname="task1 gives the right answer for test data a" name="task1 gives the right answer for test data a" time="0.004">
    </testcase>
    <testcase classname="task1 gives the right answer for the input" name="task1 gives the right answer for the input" time="0.007">
    </testcase>
    <testcase classname="task2 gives the right answer for test data a" name="task2 gives the right answer for test data a" time="0.006">
    </testcase>
    <testcase classname="task2 gives the right answer for the input" name="task2 gives the right answer for the input" time="0.017">
    </testcase>
  </testsuite>
  <testsuite name="task1" errors="0" failures="0" skipped="0" timestamp="2021-12-09T20:24:33" time="2.93" tests="4">
    <testcase classname="task1 gives the right answer for test data a" name="task1 gives the right answer for test data a" time="0.005">
    </testcase>
    <testcase classname="task1 gives the right answer for the input" name="task1 gives the right answer for the input" time="0.002">
    </testcase>
    <testcase classname="task2 gives the right answer for test data a" name="task2 gives the right answer for test data a" time="0.003">
    </testcase>
    <testcase classname="task2 gives the right answer for the input" name="task2 gives the right answer for the input" time="0.002">
    </testcase>
  </testsuite>
  <testsuite name="task1" errors="0" failures="0" skipped="0" timestamp="2021-12-09T20:24:33" time="2.937" tests="4">
    <testcase classname="task1 gives the right answer for test data a" name="task1 gives the right answer for test data a" time="0.004">
    </testcase>
    <testcase classname="task1 gives the right answer for the input" name="task1 gives the right answer for the input" time="0.045">
    </testcase>
    <testcase classname="task2 gives the right answer for test data a" name="task2 gives the right answer for test data a" time="0.002">
    </testcase>
    <testcase classname="task2 gives the right answer for the input" name="task2 gives the right answer for the input" time="0.008">
    </testcase>
  </testsuite>
  <testsuite name="task1" errors="0" failures="0" skipped="0" timestamp="2021-12-09T20:24:33" time="3.171" tests="4">
    <testcase classname="task1 gives the right answer for test data a" name="task1 gives the right answer for test data a" time="0.005">
    </testcase>
    <testcase classname="task1 gives the right answer for the input" name="task1 gives the right answer for the input" time="0.153">
    </testcase>
    <testcase classname="task2 gives the right answer for test data a" name="task2 gives the right answer for test data a" time="0.001">
    </testcase>
    <testcase classname="task2 gives the right answer for the input" name="task2 gives the right answer for the input" time="0.145">
    </testcase>
  </testsuite>
</testsuites>